C:\USERS\HWHIP\DOCUMENTS\VISUAL STUDIO 2010\PROJECTS\FATCLONEKINDOFFS\DEBUG\FATCLONEKINDOFFS.EXE
C:\USERS\HWHIP\DOCUMENTS\VISUAL STUDIO 2010\PROJECTS\FATCLONEKINDOFFS\DEBUG\FATCLONEKINDOFFS.ILK
C:\USERS\HWHIP\DOCUMENTS\VISUAL STUDIO 2010\PROJECTS\FATCLONEKINDOFFS\DEBUG\FATCLONEKINDOFFS.PDB
C:\Users\Hwhip\Documents\Visual Studio 2010\Projects\FatCloneKindOfFS\FatCloneKindOfFS\Debug\cl.command.1.tlog
C:\Users\Hwhip\Documents\Visual Studio 2010\Projects\FatCloneKindOfFS\FatCloneKindOfFS\Debug\CL.read.1.tlog
C:\Users\Hwhip\Documents\Visual Studio 2010\Projects\FatCloneKindOfFS\FatCloneKindOfFS\Debug\CL.write.1.tlog
C:\USERS\HWHIP\DOCUMENTS\VISUAL STUDIO 2010\PROJECTS\FATCLONEKINDOFFS\FATCLONEKINDOFFS\DEBUG\DISK.OBJ
C:\USERS\HWHIP\DOCUMENTS\VISUAL STUDIO 2010\PROJECTS\FATCLONEKINDOFFS\FATCLONEKINDOFFS\DEBUG\FATCLONEKINDOFFS.EXE.EMBED.MANIFEST
C:\USERS\HWHIP\DOCUMENTS\VISUAL STUDIO 2010\PROJECTS\FATCLONEKINDOFFS\FATCLONEKINDOFFS\DEBUG\FATCLONEKINDOFFS.EXE.EMBED.MANIFEST.RES
C:\USERS\HWHIP\DOCUMENTS\VISUAL STUDIO 2010\PROJECTS\FATCLONEKINDOFFS\FATCLONEKINDOFFS\DEBUG\FATCLONEKINDOFFS.EXE.INTERMEDIATE.MANIFEST
C:\Users\Hwhip\Documents\Visual Studio 2010\Projects\FatCloneKindOfFS\FatCloneKindOfFS\Debug\FatCloneKindOfFS_manifest.rc
C:\USERS\HWHIP\DOCUMENTS\VISUAL STUDIO 2010\PROJECTS\FATCLONEKINDOFFS\FATCLONEKINDOFFS\DEBUG\FSDRIVER.OBJ
C:\Users\Hwhip\Documents\Visual Studio 2010\Projects\FatCloneKindOfFS\FatCloneKindOfFS\Debug\link.2708.read.1.tlog
C:\Users\Hwhip\Documents\Visual Studio 2010\Projects\FatCloneKindOfFS\FatCloneKindOfFS\Debug\link.2708.write.1.tlog
C:\Users\Hwhip\Documents\Visual Studio 2010\Projects\FatCloneKindOfFS\FatCloneKindOfFS\Debug\link.2708-cvtres.read.1.tlog
C:\Users\Hwhip\Documents\Visual Studio 2010\Projects\FatCloneKindOfFS\FatCloneKindOfFS\Debug\link.2708-cvtres.write.1.tlog
C:\Users\Hwhip\Documents\Visual Studio 2010\Projects\FatCloneKindOfFS\FatCloneKindOfFS\Debug\link.3984.read.1.tlog
C:\Users\Hwhip\Documents\Visual Studio 2010\Projects\FatCloneKindOfFS\FatCloneKindOfFS\Debug\link.3984.write.1.tlog
C:\Users\Hwhip\Documents\Visual Studio 2010\Projects\FatCloneKindOfFS\FatCloneKindOfFS\Debug\link.3984-cvtres.read.1.tlog
C:\Users\Hwhip\Documents\Visual Studio 2010\Projects\FatCloneKindOfFS\FatCloneKindOfFS\Debug\link.3984-cvtres.write.1.tlog
C:\Users\Hwhip\Documents\Visual Studio 2010\Projects\FatCloneKindOfFS\FatCloneKindOfFS\Debug\link.4044.read.1.tlog
C:\Users\Hwhip\Documents\Visual Studio 2010\Projects\FatCloneKindOfFS\FatCloneKindOfFS\Debug\link.4044.write.1.tlog
C:\Users\Hwhip\Documents\Visual Studio 2010\Projects\FatCloneKindOfFS\FatCloneKindOfFS\Debug\link.4044-cvtres.read.1.tlog
C:\Users\Hwhip\Documents\Visual Studio 2010\Projects\FatCloneKindOfFS\FatCloneKindOfFS\Debug\link.4044-cvtres.write.1.tlog
C:\Users\Hwhip\Documents\Visual Studio 2010\Projects\FatCloneKindOfFS\FatCloneKindOfFS\Debug\link.4056.read.1.tlog
C:\Users\Hwhip\Documents\Visual Studio 2010\Projects\FatCloneKindOfFS\FatCloneKindOfFS\Debug\link.4056.write.1.tlog
C:\Users\Hwhip\Documents\Visual Studio 2010\Projects\FatCloneKindOfFS\FatCloneKindOfFS\Debug\link.4056-cvtres.read.1.tlog
C:\Users\Hwhip\Documents\Visual Studio 2010\Projects\FatCloneKindOfFS\FatCloneKindOfFS\Debug\link.4056-cvtres.write.1.tlog
C:\Users\Hwhip\Documents\Visual Studio 2010\Projects\FatCloneKindOfFS\FatCloneKindOfFS\Debug\link.4260.read.1.tlog
C:\Users\Hwhip\Documents\Visual Studio 2010\Projects\FatCloneKindOfFS\FatCloneKindOfFS\Debug\link.4260.write.1.tlog
C:\Users\Hwhip\Documents\Visual Studio 2010\Projects\FatCloneKindOfFS\FatCloneKindOfFS\Debug\link.4260-cvtres.read.1.tlog
C:\Users\Hwhip\Documents\Visual Studio 2010\Projects\FatCloneKindOfFS\FatCloneKindOfFS\Debug\link.4260-cvtres.write.1.tlog
C:\Users\Hwhip\Documents\Visual Studio 2010\Projects\FatCloneKindOfFS\FatCloneKindOfFS\Debug\link.4416.read.1.tlog
C:\Users\Hwhip\Documents\Visual Studio 2010\Projects\FatCloneKindOfFS\FatCloneKindOfFS\Debug\link.4416.write.1.tlog
C:\Users\Hwhip\Documents\Visual Studio 2010\Projects\FatCloneKindOfFS\FatCloneKindOfFS\Debug\link.4416-cvtres.read.1.tlog
C:\Users\Hwhip\Documents\Visual Studio 2010\Projects\FatCloneKindOfFS\FatCloneKindOfFS\Debug\link.4416-cvtres.write.1.tlog
C:\Users\Hwhip\Documents\Visual Studio 2010\Projects\FatCloneKindOfFS\FatCloneKindOfFS\Debug\link.4644.read.1.tlog
C:\Users\Hwhip\Documents\Visual Studio 2010\Projects\FatCloneKindOfFS\FatCloneKindOfFS\Debug\link.4644.write.1.tlog
C:\Users\Hwhip\Documents\Visual Studio 2010\Projects\FatCloneKindOfFS\FatCloneKindOfFS\Debug\link.4644-cvtres.read.1.tlog
C:\Users\Hwhip\Documents\Visual Studio 2010\Projects\FatCloneKindOfFS\FatCloneKindOfFS\Debug\link.4644-cvtres.write.1.tlog
C:\Users\Hwhip\Documents\Visual Studio 2010\Projects\FatCloneKindOfFS\FatCloneKindOfFS\Debug\link.4904.read.1.tlog
C:\Users\Hwhip\Documents\Visual Studio 2010\Projects\FatCloneKindOfFS\FatCloneKindOfFS\Debug\link.4904.write.1.tlog
C:\Users\Hwhip\Documents\Visual Studio 2010\Projects\FatCloneKindOfFS\FatCloneKindOfFS\Debug\link.4904-cvtres.read.1.tlog
C:\Users\Hwhip\Documents\Visual Studio 2010\Projects\FatCloneKindOfFS\FatCloneKindOfFS\Debug\link.4904-cvtres.write.1.tlog
C:\Users\Hwhip\Documents\Visual Studio 2010\Projects\FatCloneKindOfFS\FatCloneKindOfFS\Debug\link.command.1.tlog
C:\Users\Hwhip\Documents\Visual Studio 2010\Projects\FatCloneKindOfFS\FatCloneKindOfFS\Debug\link.read.1.tlog
C:\Users\Hwhip\Documents\Visual Studio 2010\Projects\FatCloneKindOfFS\FatCloneKindOfFS\Debug\link.write.1.tlog
C:\Users\Hwhip\Documents\Visual Studio 2010\Projects\FatCloneKindOfFS\FatCloneKindOfFS\Debug\link-cvtres.read.1.tlog
C:\Users\Hwhip\Documents\Visual Studio 2010\Projects\FatCloneKindOfFS\FatCloneKindOfFS\Debug\link-cvtres.write.1.tlog
C:\Users\Hwhip\Documents\Visual Studio 2010\Projects\FatCloneKindOfFS\FatCloneKindOfFS\Debug\mt.command.1.tlog
C:\Users\Hwhip\Documents\Visual Studio 2010\Projects\FatCloneKindOfFS\FatCloneKindOfFS\Debug\mt.read.1.tlog
C:\Users\Hwhip\Documents\Visual Studio 2010\Projects\FatCloneKindOfFS\FatCloneKindOfFS\Debug\mt.write.1.tlog
C:\Users\Hwhip\Documents\Visual Studio 2010\Projects\FatCloneKindOfFS\FatCloneKindOfFS\Debug\rc.command.1.tlog
C:\Users\Hwhip\Documents\Visual Studio 2010\Projects\FatCloneKindOfFS\FatCloneKindOfFS\Debug\rc.read.1.tlog
C:\Users\Hwhip\Documents\Visual Studio 2010\Projects\FatCloneKindOfFS\FatCloneKindOfFS\Debug\rc.write.1.tlog
C:\Users\Hwhip\Documents\Visual Studio 2010\Projects\FatCloneKindOfFS\FatCloneKindOfFS\Debug\vc100.idb
C:\USERS\HWHIP\DOCUMENTS\VISUAL STUDIO 2010\PROJECTS\FATCLONEKINDOFFS\FATCLONEKINDOFFS\DEBUG\VC100.PDB
